[debug] [2024-09-11T10:49:11.122Z] ----------------------------------------------------------------------
[debug] [2024-09-11T10:49:11.126Z] Command:       C:\Program Files\nodejs\node.exe C:\Users\Yahya Dafer\AppData\Roaming\npm\node_modules\firebase-tools\lib\bin\firebase.js deploy
[debug] [2024-09-11T10:49:11.127Z] CLI Version:   13.16.0
[debug] [2024-09-11T10:49:11.127Z] Platform:      win32
[debug] [2024-09-11T10:49:11.127Z] Node Version:  v20.17.0
[debug] [2024-09-11T10:49:11.127Z] Time:          Wed Sep 11 2024 14:49:11 GMT+0400 (GMT+04:00)
[debug] [2024-09-11T10:49:11.128Z] ----------------------------------------------------------------------
[debug] 
[debug] [2024-09-11T10:49:11.240Z] > command requires scopes: ["email","openid","https://www.googleapis.com/auth/cloudplatformprojects.readonly","https://www.googleapis.com/auth/firebase","https://www.googleapis.com/auth/cloud-platform"]
[debug] [2024-09-11T10:49:11.241Z] > authorizing via signed-in user (daferyahya27@gmail.com)
[debug] [2024-09-11T10:49:11.241Z] [iam] checking project myreactproject-f1277 for permissions ["firebase.projects.get","firebasehosting.sites.update"]
[debug] [2024-09-11T10:49:11.243Z] > refreshing access token with scopes: []
[debug] [2024-09-11T10:49:11.246Z] >>> [apiv2][query] POST https://www.googleapis.com/oauth2/v3/token [none]
[debug] [2024-09-11T10:49:11.247Z] >>> [apiv2][body] POST https://www.googleapis.com/oauth2/v3/token [omitted]
[debug] [2024-09-11T10:49:11.769Z] <<< [apiv2][status] POST https://www.googleapis.com/oauth2/v3/token 400
[debug] [2024-09-11T10:49:11.771Z] <<< [apiv2][body] POST https://www.googleapis.com/oauth2/v3/token [omitted]
[debug] [2024-09-11T10:49:11.772Z] >>> [apiv2][query] POST https://cloudresourcemanager.googleapis.com/v1/projects/myreactproject-f1277:testIamPermissions [none]
[debug] [2024-09-11T10:49:11.773Z] >>> [apiv2][(partial)header] POST https://cloudresourcemanager.googleapis.com/v1/projects/myreactproject-f1277:testIamPermissions x-goog-quota-user=projects/myreactproject-f1277
[debug] [2024-09-11T10:49:11.773Z] >>> [apiv2][body] POST https://cloudresourcemanager.googleapis.com/v1/projects/myreactproject-f1277:testIamPermissions {"permissions":["firebase.projects.get","firebasehosting.sites.update"]}
[debug] [2024-09-11T10:49:12.943Z] <<< [apiv2][status] POST https://cloudresourcemanager.googleapis.com/v1/projects/myreactproject-f1277:testIamPermissions 401
[debug] [2024-09-11T10:49:12.943Z] <<< [apiv2][body] POST https://cloudresourcemanager.googleapis.com/v1/projects/myreactproject-f1277:testIamPermissions {"error":{"code":401,"message":"Request had invalid authentication credentials. Expected OAuth 2 access token, login cookie or other valid authentication credential. See https://developers.google.com/identity/sign-in/web/devconsole-project.","status":"UNAUTHENTICATED","details":[{"@type":"type.googleapis.com/google.rpc.ErrorInfo","reason":"ACCESS_TOKEN_TYPE_UNSUPPORTED","metadata":{"method":"google.cloudresourcemanager.v1.Projects.TestIamPermissions","service":"cloudresourcemanager.googleapis.com"}}]}}
[debug] [2024-09-11T10:49:12.944Z] [iam] error while checking permissions, command may fail: FirebaseError: HTTP Error: 401, Request had invalid authentication credentials. Expected OAuth 2 access token, login cookie or other valid authentication credential. See https://developers.google.com/identity/sign-in/web/devconsole-project.
[debug] [2024-09-11T10:49:12.945Z] > refreshing access token with scopes: []
[debug] [2024-09-11T10:49:12.945Z] >>> [apiv2][query] POST https://www.googleapis.com/oauth2/v3/token [none]
[debug] [2024-09-11T10:49:12.946Z] >>> [apiv2][body] POST https://www.googleapis.com/oauth2/v3/token [omitted]
[debug] [2024-09-11T10:49:13.041Z] <<< [apiv2][status] POST https://www.googleapis.com/oauth2/v3/token 400
[debug] [2024-09-11T10:49:13.041Z] <<< [apiv2][body] POST https://www.googleapis.com/oauth2/v3/token [omitted]
[debug] [2024-09-11T10:49:13.042Z] >>> [apiv2][query] GET https://firebase.googleapis.com/v1beta1/projects/myreactproject-f1277 [none]
[debug] [2024-09-11T10:49:13.350Z] <<< [apiv2][status] GET https://firebase.googleapis.com/v1beta1/projects/myreactproject-f1277 401
[debug] [2024-09-11T10:49:13.352Z] <<< [apiv2][body] GET https://firebase.googleapis.com/v1beta1/projects/myreactproject-f1277 {"error":{"code":401,"message":"Request had invalid authentication credentials. Expected OAuth 2 access token, login cookie or other valid authentication credential. See https://developers.google.com/identity/sign-in/web/devconsole-project.","status":"UNAUTHENTICATED"}}
[debug] [2024-09-11T10:49:13.354Z] HTTP Error: 401, Request had invalid authentication credentials. Expected OAuth 2 access token, login cookie or other valid authentication credential. See https://developers.google.com/identity/sign-in/web/devconsole-project.
[error] 
[error] Error: Assertion failed: resolving hosting target of a site with no site name or target name. This should have caused an error earlier
[debug] [2024-09-11T10:50:53.333Z] ----------------------------------------------------------------------
[debug] [2024-09-11T10:50:53.337Z] Command:       C:\Program Files\nodejs\node.exe C:\Users\Yahya Dafer\AppData\Roaming\npm\node_modules\firebase-tools\lib\bin\firebase.js deploy
[debug] [2024-09-11T10:50:53.338Z] CLI Version:   13.16.0
[debug] [2024-09-11T10:50:53.338Z] Platform:      win32
[debug] [2024-09-11T10:50:53.338Z] Node Version:  v20.17.0
[debug] [2024-09-11T10:50:53.338Z] Time:          Wed Sep 11 2024 14:50:53 GMT+0400 (GMT+04:00)
[debug] [2024-09-11T10:50:53.339Z] ----------------------------------------------------------------------
[debug] 
[debug] [2024-09-11T10:50:53.448Z] > command requires scopes: ["email","openid","https://www.googleapis.com/auth/cloudplatformprojects.readonly","https://www.googleapis.com/auth/firebase","https://www.googleapis.com/auth/cloud-platform"]
[debug] [2024-09-11T10:50:53.449Z] > authorizing via signed-in user (daferyahya27@gmail.com)
[debug] [2024-09-11T10:50:53.449Z] [iam] checking project myreactproject-f1277 for permissions ["firebase.projects.get","firebasehosting.sites.update"]
[debug] [2024-09-11T10:50:53.451Z] > refreshing access token with scopes: []
[debug] [2024-09-11T10:50:53.453Z] >>> [apiv2][query] POST https://www.googleapis.com/oauth2/v3/token [none]
[debug] [2024-09-11T10:50:53.454Z] >>> [apiv2][body] POST https://www.googleapis.com/oauth2/v3/token [omitted]
[debug] [2024-09-11T10:50:53.863Z] <<< [apiv2][status] POST https://www.googleapis.com/oauth2/v3/token 400
[debug] [2024-09-11T10:50:53.864Z] <<< [apiv2][body] POST https://www.googleapis.com/oauth2/v3/token [omitted]
[debug] [2024-09-11T10:50:53.865Z] >>> [apiv2][query] POST https://cloudresourcemanager.googleapis.com/v1/projects/myreactproject-f1277:testIamPermissions [none]
[debug] [2024-09-11T10:50:53.865Z] >>> [apiv2][(partial)header] POST https://cloudresourcemanager.googleapis.com/v1/projects/myreactproject-f1277:testIamPermissions x-goog-quota-user=projects/myreactproject-f1277
[debug] [2024-09-11T10:50:53.865Z] >>> [apiv2][body] POST https://cloudresourcemanager.googleapis.com/v1/projects/myreactproject-f1277:testIamPermissions {"permissions":["firebase.projects.get","firebasehosting.sites.update"]}
[debug] [2024-09-11T10:50:54.897Z] <<< [apiv2][status] POST https://cloudresourcemanager.googleapis.com/v1/projects/myreactproject-f1277:testIamPermissions 401
[debug] [2024-09-11T10:50:54.898Z] <<< [apiv2][body] POST https://cloudresourcemanager.googleapis.com/v1/projects/myreactproject-f1277:testIamPermissions {"error":{"code":401,"message":"Request had invalid authentication credentials. Expected OAuth 2 access token, login cookie or other valid authentication credential. See https://developers.google.com/identity/sign-in/web/devconsole-project.","status":"UNAUTHENTICATED","details":[{"@type":"type.googleapis.com/google.rpc.ErrorInfo","reason":"ACCESS_TOKEN_TYPE_UNSUPPORTED","metadata":{"method":"google.cloudresourcemanager.v1.Projects.TestIamPermissions","service":"cloudresourcemanager.googleapis.com"}}]}}
[debug] [2024-09-11T10:50:54.901Z] [iam] error while checking permissions, command may fail: FirebaseError: HTTP Error: 401, Request had invalid authentication credentials. Expected OAuth 2 access token, login cookie or other valid authentication credential. See https://developers.google.com/identity/sign-in/web/devconsole-project.
[debug] [2024-09-11T10:50:54.903Z] > refreshing access token with scopes: []
[debug] [2024-09-11T10:50:54.905Z] >>> [apiv2][query] POST https://www.googleapis.com/oauth2/v3/token [none]
[debug] [2024-09-11T10:50:54.905Z] >>> [apiv2][body] POST https://www.googleapis.com/oauth2/v3/token [omitted]
[debug] [2024-09-11T10:50:55.069Z] <<< [apiv2][status] POST https://www.googleapis.com/oauth2/v3/token 400
[debug] [2024-09-11T10:50:55.070Z] <<< [apiv2][body] POST https://www.googleapis.com/oauth2/v3/token [omitted]
[debug] [2024-09-11T10:50:55.071Z] >>> [apiv2][query] GET https://firebase.googleapis.com/v1beta1/projects/myreactproject-f1277 [none]
[debug] [2024-09-11T10:50:55.443Z] <<< [apiv2][status] GET https://firebase.googleapis.com/v1beta1/projects/myreactproject-f1277 401
[debug] [2024-09-11T10:50:55.443Z] <<< [apiv2][body] GET https://firebase.googleapis.com/v1beta1/projects/myreactproject-f1277 {"error":{"code":401,"message":"Request had invalid authentication credentials. Expected OAuth 2 access token, login cookie or other valid authentication credential. See https://developers.google.com/identity/sign-in/web/devconsole-project.","status":"UNAUTHENTICATED"}}
[debug] [2024-09-11T10:50:55.444Z] HTTP Error: 401, Request had invalid authentication credentials. Expected OAuth 2 access token, login cookie or other valid authentication credential. See https://developers.google.com/identity/sign-in/web/devconsole-project.
[error] 
[error] Error: Assertion failed: resolving hosting target of a site with no site name or target name. This should have caused an error earlier
[debug] [2024-09-11T10:57:35.043Z] ----------------------------------------------------------------------
[debug] [2024-09-11T10:57:35.047Z] Command:       C:\Program Files\nodejs\node.exe C:\Users\Yahya Dafer\AppData\Roaming\npm\node_modules\firebase-tools\lib\bin\firebase.js deploy
[debug] [2024-09-11T10:57:35.048Z] CLI Version:   13.16.0
[debug] [2024-09-11T10:57:35.048Z] Platform:      win32
[debug] [2024-09-11T10:57:35.048Z] Node Version:  v20.17.0
[debug] [2024-09-11T10:57:35.049Z] Time:          Wed Sep 11 2024 14:57:35 GMT+0400 (GMT+04:00)
[debug] [2024-09-11T10:57:35.049Z] ----------------------------------------------------------------------
[debug] 
[debug] [2024-09-11T10:57:35.152Z] > command requires scopes: ["email","openid","https://www.googleapis.com/auth/cloudplatformprojects.readonly","https://www.googleapis.com/auth/firebase","https://www.googleapis.com/auth/cloud-platform"]
[debug] [2024-09-11T10:57:35.153Z] > authorizing via signed-in user (daferyahya27@gmail.com)
[debug] [2024-09-11T10:57:35.154Z] [iam] checking project myreactproject-f1277 for permissions ["firebase.projects.get","firebasehosting.sites.update"]
[debug] [2024-09-11T10:57:35.156Z] > refreshing access token with scopes: []
[debug] [2024-09-11T10:57:35.158Z] >>> [apiv2][query] POST https://www.googleapis.com/oauth2/v3/token [none]
[debug] [2024-09-11T10:57:35.158Z] >>> [apiv2][body] POST https://www.googleapis.com/oauth2/v3/token [omitted]
[debug] [2024-09-11T10:57:35.616Z] <<< [apiv2][status] POST https://www.googleapis.com/oauth2/v3/token 400
[debug] [2024-09-11T10:57:35.616Z] <<< [apiv2][body] POST https://www.googleapis.com/oauth2/v3/token [omitted]
[debug] [2024-09-11T10:57:35.617Z] >>> [apiv2][query] POST https://cloudresourcemanager.googleapis.com/v1/projects/myreactproject-f1277:testIamPermissions [none]
[debug] [2024-09-11T10:57:35.617Z] >>> [apiv2][(partial)header] POST https://cloudresourcemanager.googleapis.com/v1/projects/myreactproject-f1277:testIamPermissions x-goog-quota-user=projects/myreactproject-f1277
[debug] [2024-09-11T10:57:35.617Z] >>> [apiv2][body] POST https://cloudresourcemanager.googleapis.com/v1/projects/myreactproject-f1277:testIamPermissions {"permissions":["firebase.projects.get","firebasehosting.sites.update"]}
[debug] [2024-09-11T10:57:36.686Z] <<< [apiv2][status] POST https://cloudresourcemanager.googleapis.com/v1/projects/myreactproject-f1277:testIamPermissions 401
[debug] [2024-09-11T10:57:36.687Z] <<< [apiv2][body] POST https://cloudresourcemanager.googleapis.com/v1/projects/myreactproject-f1277:testIamPermissions {"error":{"code":401,"message":"Request had invalid authentication credentials. Expected OAuth 2 access token, login cookie or other valid authentication credential. See https://developers.google.com/identity/sign-in/web/devconsole-project.","status":"UNAUTHENTICATED","details":[{"@type":"type.googleapis.com/google.rpc.ErrorInfo","reason":"ACCESS_TOKEN_TYPE_UNSUPPORTED","metadata":{"method":"google.cloudresourcemanager.v1.Projects.TestIamPermissions","service":"cloudresourcemanager.googleapis.com"}}]}}
[debug] [2024-09-11T10:57:36.689Z] [iam] error while checking permissions, command may fail: FirebaseError: HTTP Error: 401, Request had invalid authentication credentials. Expected OAuth 2 access token, login cookie or other valid authentication credential. See https://developers.google.com/identity/sign-in/web/devconsole-project.
[debug] [2024-09-11T10:57:36.691Z] > refreshing access token with scopes: []
[debug] [2024-09-11T10:57:36.693Z] >>> [apiv2][query] POST https://www.googleapis.com/oauth2/v3/token [none]
[debug] [2024-09-11T10:57:36.693Z] >>> [apiv2][body] POST https://www.googleapis.com/oauth2/v3/token [omitted]
[debug] [2024-09-11T10:57:36.789Z] <<< [apiv2][status] POST https://www.googleapis.com/oauth2/v3/token 400
[debug] [2024-09-11T10:57:36.789Z] <<< [apiv2][body] POST https://www.googleapis.com/oauth2/v3/token [omitted]
[debug] [2024-09-11T10:57:36.790Z] >>> [apiv2][query] GET https://firebase.googleapis.com/v1beta1/projects/myreactproject-f1277 [none]
[debug] [2024-09-11T10:57:37.174Z] <<< [apiv2][status] GET https://firebase.googleapis.com/v1beta1/projects/myreactproject-f1277 401
[debug] [2024-09-11T10:57:37.174Z] <<< [apiv2][body] GET https://firebase.googleapis.com/v1beta1/projects/myreactproject-f1277 {"error":{"code":401,"message":"Request had invalid authentication credentials. Expected OAuth 2 access token, login cookie or other valid authentication credential. See https://developers.google.com/identity/sign-in/web/devconsole-project.","status":"UNAUTHENTICATED"}}
[debug] [2024-09-11T10:57:37.175Z] HTTP Error: 401, Request had invalid authentication credentials. Expected OAuth 2 access token, login cookie or other valid authentication credential. See https://developers.google.com/identity/sign-in/web/devconsole-project.
[error] 
[error] Error: Assertion failed: resolving hosting target of a site with no site name or target name. This should have caused an error earlier
[debug] [2024-09-11T10:59:11.063Z] ----------------------------------------------------------------------
[debug] [2024-09-11T10:59:11.067Z] Command:       C:\Program Files\nodejs\node.exe C:\Users\Yahya Dafer\AppData\Roaming\npm\node_modules\firebase-tools\lib\bin\firebase.js deploy
[debug] [2024-09-11T10:59:11.067Z] CLI Version:   13.16.0
[debug] [2024-09-11T10:59:11.068Z] Platform:      win32
[debug] [2024-09-11T10:59:11.068Z] Node Version:  v20.17.0
[debug] [2024-09-11T10:59:11.068Z] Time:          Wed Sep 11 2024 14:59:11 GMT+0400 (GMT+04:00)
[debug] [2024-09-11T10:59:11.068Z] ----------------------------------------------------------------------
[debug] 
[debug] [2024-09-11T10:59:11.179Z] > command requires scopes: ["email","openid","https://www.googleapis.com/auth/cloudplatformprojects.readonly","https://www.googleapis.com/auth/firebase","https://www.googleapis.com/auth/cloud-platform"]
[debug] [2024-09-11T10:59:11.179Z] > authorizing via signed-in user (daferyahya27@gmail.com)
[debug] [2024-09-11T10:59:11.179Z] [iam] checking project myreactproject-f1277 for permissions ["firebase.projects.get","firebasehosting.sites.update"]
[debug] [2024-09-11T10:59:11.181Z] > refreshing access token with scopes: []
[debug] [2024-09-11T10:59:11.184Z] >>> [apiv2][query] POST https://www.googleapis.com/oauth2/v3/token [none]
[debug] [2024-09-11T10:59:11.184Z] >>> [apiv2][body] POST https://www.googleapis.com/oauth2/v3/token [omitted]
[debug] [2024-09-11T10:59:11.631Z] <<< [apiv2][status] POST https://www.googleapis.com/oauth2/v3/token 400
[debug] [2024-09-11T10:59:11.631Z] <<< [apiv2][body] POST https://www.googleapis.com/oauth2/v3/token [omitted]
[debug] [2024-09-11T10:59:11.632Z] >>> [apiv2][query] POST https://cloudresourcemanager.googleapis.com/v1/projects/myreactproject-f1277:testIamPermissions [none]
[debug] [2024-09-11T10:59:11.632Z] >>> [apiv2][(partial)header] POST https://cloudresourcemanager.googleapis.com/v1/projects/myreactproject-f1277:testIamPermissions x-goog-quota-user=projects/myreactproject-f1277
[debug] [2024-09-11T10:59:11.632Z] >>> [apiv2][body] POST https://cloudresourcemanager.googleapis.com/v1/projects/myreactproject-f1277:testIamPermissions {"permissions":["firebase.projects.get","firebasehosting.sites.update"]}
[debug] [2024-09-11T10:59:12.568Z] <<< [apiv2][status] POST https://cloudresourcemanager.googleapis.com/v1/projects/myreactproject-f1277:testIamPermissions 401
[debug] [2024-09-11T10:59:12.568Z] <<< [apiv2][body] POST https://cloudresourcemanager.googleapis.com/v1/projects/myreactproject-f1277:testIamPermissions {"error":{"code":401,"message":"Request had invalid authentication credentials. Expected OAuth 2 access token, login cookie or other valid authentication credential. See https://developers.google.com/identity/sign-in/web/devconsole-project.","status":"UNAUTHENTICATED","details":[{"@type":"type.googleapis.com/google.rpc.ErrorInfo","reason":"ACCESS_TOKEN_TYPE_UNSUPPORTED","metadata":{"service":"cloudresourcemanager.googleapis.com","method":"google.cloudresourcemanager.v1.Projects.TestIamPermissions"}}]}}
[debug] [2024-09-11T10:59:12.569Z] [iam] error while checking permissions, command may fail: FirebaseError: HTTP Error: 401, Request had invalid authentication credentials. Expected OAuth 2 access token, login cookie or other valid authentication credential. See https://developers.google.com/identity/sign-in/web/devconsole-project.
[debug] [2024-09-11T10:59:12.570Z] > refreshing access token with scopes: []
[debug] [2024-09-11T10:59:12.570Z] >>> [apiv2][query] POST https://www.googleapis.com/oauth2/v3/token [none]
[debug] [2024-09-11T10:59:12.571Z] >>> [apiv2][body] POST https://www.googleapis.com/oauth2/v3/token [omitted]
[debug] [2024-09-11T10:59:12.665Z] <<< [apiv2][status] POST https://www.googleapis.com/oauth2/v3/token 400
[debug] [2024-09-11T10:59:12.665Z] <<< [apiv2][body] POST https://www.googleapis.com/oauth2/v3/token [omitted]
[debug] [2024-09-11T10:59:12.667Z] >>> [apiv2][query] GET https://firebase.googleapis.com/v1beta1/projects/myreactproject-f1277 [none]
[debug] [2024-09-11T10:59:12.943Z] <<< [apiv2][status] GET https://firebase.googleapis.com/v1beta1/projects/myreactproject-f1277 401
[debug] [2024-09-11T10:59:12.943Z] <<< [apiv2][body] GET https://firebase.googleapis.com/v1beta1/projects/myreactproject-f1277 {"error":{"code":401,"message":"Request had invalid authentication credentials. Expected OAuth 2 access token, login cookie or other valid authentication credential. See https://developers.google.com/identity/sign-in/web/devconsole-project.","status":"UNAUTHENTICATED"}}
[debug] [2024-09-11T10:59:12.944Z] HTTP Error: 401, Request had invalid authentication credentials. Expected OAuth 2 access token, login cookie or other valid authentication credential. See https://developers.google.com/identity/sign-in/web/devconsole-project.
[error] 
[error] Error: Assertion failed: resolving hosting target of a site with no site name or target name. This should have caused an error earlier
[debug] [2024-09-11T11:02:33.510Z] ----------------------------------------------------------------------
[debug] [2024-09-11T11:02:33.515Z] Command:       C:\Program Files\nodejs\node.exe C:\Users\Yahya Dafer\AppData\Roaming\npm\node_modules\firebase-tools\lib\bin\firebase.js deploy
[debug] [2024-09-11T11:02:33.515Z] CLI Version:   13.16.0
[debug] [2024-09-11T11:02:33.515Z] Platform:      win32
[debug] [2024-09-11T11:02:33.516Z] Node Version:  v20.17.0
[debug] [2024-09-11T11:02:33.516Z] Time:          Wed Sep 11 2024 15:02:33 GMT+0400 (GMT+04:00)
[debug] [2024-09-11T11:02:33.516Z] ----------------------------------------------------------------------
[debug] 
[debug] [2024-09-11T11:02:33.617Z] > command requires scopes: ["email","openid","https://www.googleapis.com/auth/cloudplatformprojects.readonly","https://www.googleapis.com/auth/firebase","https://www.googleapis.com/auth/cloud-platform"]
[debug] [2024-09-11T11:02:33.618Z] > authorizing via signed-in user (daferyahya27@gmail.com)
[debug] [2024-09-11T11:02:33.618Z] [iam] checking project myreactproject-f1277 for permissions ["firebase.projects.get","firebasehosting.sites.update"]
[debug] [2024-09-11T11:02:33.620Z] > refreshing access token with scopes: []
[debug] [2024-09-11T11:02:33.622Z] >>> [apiv2][query] POST https://www.googleapis.com/oauth2/v3/token [none]
[debug] [2024-09-11T11:02:33.622Z] >>> [apiv2][body] POST https://www.googleapis.com/oauth2/v3/token [omitted]
[debug] [2024-09-11T11:02:33.986Z] <<< [apiv2][status] POST https://www.googleapis.com/oauth2/v3/token 400
[debug] [2024-09-11T11:02:33.987Z] <<< [apiv2][body] POST https://www.googleapis.com/oauth2/v3/token [omitted]
[debug] [2024-09-11T11:02:33.987Z] >>> [apiv2][query] POST https://cloudresourcemanager.googleapis.com/v1/projects/myreactproject-f1277:testIamPermissions [none]
[debug] [2024-09-11T11:02:33.987Z] >>> [apiv2][(partial)header] POST https://cloudresourcemanager.googleapis.com/v1/projects/myreactproject-f1277:testIamPermissions x-goog-quota-user=projects/myreactproject-f1277
[debug] [2024-09-11T11:02:33.988Z] >>> [apiv2][body] POST https://cloudresourcemanager.googleapis.com/v1/projects/myreactproject-f1277:testIamPermissions {"permissions":["firebase.projects.get","firebasehosting.sites.update"]}
[debug] [2024-09-11T11:02:35.043Z] <<< [apiv2][status] POST https://cloudresourcemanager.googleapis.com/v1/projects/myreactproject-f1277:testIamPermissions 401
[debug] [2024-09-11T11:02:35.044Z] <<< [apiv2][body] POST https://cloudresourcemanager.googleapis.com/v1/projects/myreactproject-f1277:testIamPermissions {"error":{"code":401,"message":"Request had invalid authentication credentials. Expected OAuth 2 access token, login cookie or other valid authentication credential. See https://developers.google.com/identity/sign-in/web/devconsole-project.","status":"UNAUTHENTICATED","details":[{"@type":"type.googleapis.com/google.rpc.ErrorInfo","reason":"ACCESS_TOKEN_TYPE_UNSUPPORTED","metadata":{"method":"google.cloudresourcemanager.v1.Projects.TestIamPermissions","service":"cloudresourcemanager.googleapis.com"}}]}}
[debug] [2024-09-11T11:02:35.048Z] [iam] error while checking permissions, command may fail: FirebaseError: HTTP Error: 401, Request had invalid authentication credentials. Expected OAuth 2 access token, login cookie or other valid authentication credential. See https://developers.google.com/identity/sign-in/web/devconsole-project.
[debug] [2024-09-11T11:02:35.050Z] > refreshing access token with scopes: []
[debug] [2024-09-11T11:02:35.051Z] >>> [apiv2][query] POST https://www.googleapis.com/oauth2/v3/token [none]
[debug] [2024-09-11T11:02:35.051Z] >>> [apiv2][body] POST https://www.googleapis.com/oauth2/v3/token [omitted]
[debug] [2024-09-11T11:02:35.146Z] <<< [apiv2][status] POST https://www.googleapis.com/oauth2/v3/token 400
[debug] [2024-09-11T11:02:35.146Z] <<< [apiv2][body] POST https://www.googleapis.com/oauth2/v3/token [omitted]
[debug] [2024-09-11T11:02:35.147Z] >>> [apiv2][query] GET https://firebase.googleapis.com/v1beta1/projects/myreactproject-f1277 [none]
[debug] [2024-09-11T11:02:35.568Z] <<< [apiv2][status] GET https://firebase.googleapis.com/v1beta1/projects/myreactproject-f1277 401
[debug] [2024-09-11T11:02:35.568Z] <<< [apiv2][body] GET https://firebase.googleapis.com/v1beta1/projects/myreactproject-f1277 {"error":{"code":401,"message":"Request had invalid authentication credentials. Expected OAuth 2 access token, login cookie or other valid authentication credential. See https://developers.google.com/identity/sign-in/web/devconsole-project.","status":"UNAUTHENTICATED"}}
[debug] [2024-09-11T11:02:35.569Z] HTTP Error: 401, Request had invalid authentication credentials. Expected OAuth 2 access token, login cookie or other valid authentication credential. See https://developers.google.com/identity/sign-in/web/devconsole-project.
[error] 
[error] Error: Assertion failed: resolving hosting target of a site with no site name or target name. This should have caused an error earlier
[debug] [2024-09-11T11:03:26.860Z] ----------------------------------------------------------------------
[debug] [2024-09-11T11:03:26.864Z] Command:       C:\Program Files\nodejs\node.exe C:\Users\Yahya Dafer\AppData\Roaming\npm\node_modules\firebase-tools\lib\bin\firebase.js deploy
[debug] [2024-09-11T11:03:26.865Z] CLI Version:   13.16.0
[debug] [2024-09-11T11:03:26.865Z] Platform:      win32
[debug] [2024-09-11T11:03:26.865Z] Node Version:  v20.17.0
[debug] [2024-09-11T11:03:26.865Z] Time:          Wed Sep 11 2024 15:03:26 GMT+0400 (GMT+04:00)
[debug] [2024-09-11T11:03:26.865Z] ----------------------------------------------------------------------
[debug] 
[debug] [2024-09-11T11:03:26.970Z] > command requires scopes: ["email","openid","https://www.googleapis.com/auth/cloudplatformprojects.readonly","https://www.googleapis.com/auth/firebase","https://www.googleapis.com/auth/cloud-platform"]
[debug] [2024-09-11T11:03:26.971Z] > authorizing via signed-in user (daferyahya27@gmail.com)
[debug] [2024-09-11T11:03:26.971Z] [iam] checking project myreactproject-f1277 for permissions ["firebase.projects.get","firebasehosting.sites.update"]
[debug] [2024-09-11T11:03:26.973Z] > refreshing access token with scopes: []
[debug] [2024-09-11T11:03:26.975Z] >>> [apiv2][query] POST https://www.googleapis.com/oauth2/v3/token [none]
[debug] [2024-09-11T11:03:26.975Z] >>> [apiv2][body] POST https://www.googleapis.com/oauth2/v3/token [omitted]
[debug] [2024-09-11T11:03:27.348Z] <<< [apiv2][status] POST https://www.googleapis.com/oauth2/v3/token 400
[debug] [2024-09-11T11:03:27.348Z] <<< [apiv2][body] POST https://www.googleapis.com/oauth2/v3/token [omitted]
[debug] [2024-09-11T11:03:27.349Z] >>> [apiv2][query] POST https://cloudresourcemanager.googleapis.com/v1/projects/myreactproject-f1277:testIamPermissions [none]
[debug] [2024-09-11T11:03:27.349Z] >>> [apiv2][(partial)header] POST https://cloudresourcemanager.googleapis.com/v1/projects/myreactproject-f1277:testIamPermissions x-goog-quota-user=projects/myreactproject-f1277
[debug] [2024-09-11T11:03:27.349Z] >>> [apiv2][body] POST https://cloudresourcemanager.googleapis.com/v1/projects/myreactproject-f1277:testIamPermissions {"permissions":["firebase.projects.get","firebasehosting.sites.update"]}
[debug] [2024-09-11T11:03:28.411Z] <<< [apiv2][status] POST https://cloudresourcemanager.googleapis.com/v1/projects/myreactproject-f1277:testIamPermissions 401
[debug] [2024-09-11T11:03:28.412Z] <<< [apiv2][body] POST https://cloudresourcemanager.googleapis.com/v1/projects/myreactproject-f1277:testIamPermissions {"error":{"code":401,"message":"Request had invalid authentication credentials. Expected OAuth 2 access token, login cookie or other valid authentication credential. See https://developers.google.com/identity/sign-in/web/devconsole-project.","status":"UNAUTHENTICATED","details":[{"@type":"type.googleapis.com/google.rpc.ErrorInfo","reason":"ACCESS_TOKEN_TYPE_UNSUPPORTED","metadata":{"method":"google.cloudresourcemanager.v1.Projects.TestIamPermissions","service":"cloudresourcemanager.googleapis.com"}}]}}
[debug] [2024-09-11T11:03:28.414Z] [iam] error while checking permissions, command may fail: FirebaseError: HTTP Error: 401, Request had invalid authentication credentials. Expected OAuth 2 access token, login cookie or other valid authentication credential. See https://developers.google.com/identity/sign-in/web/devconsole-project.
[debug] [2024-09-11T11:03:28.416Z] > refreshing access token with scopes: []
[debug] [2024-09-11T11:03:28.418Z] >>> [apiv2][query] POST https://www.googleapis.com/oauth2/v3/token [none]
[debug] [2024-09-11T11:03:28.418Z] >>> [apiv2][body] POST https://www.googleapis.com/oauth2/v3/token [omitted]
[debug] [2024-09-11T11:03:28.509Z] <<< [apiv2][status] POST https://www.googleapis.com/oauth2/v3/token 400
[debug] [2024-09-11T11:03:28.509Z] <<< [apiv2][body] POST https://www.googleapis.com/oauth2/v3/token [omitted]
[debug] [2024-09-11T11:03:28.511Z] >>> [apiv2][query] GET https://firebase.googleapis.com/v1beta1/projects/myreactproject-f1277 [none]
[debug] [2024-09-11T11:03:28.853Z] <<< [apiv2][status] GET https://firebase.googleapis.com/v1beta1/projects/myreactproject-f1277 401
[debug] [2024-09-11T11:03:28.853Z] <<< [apiv2][body] GET https://firebase.googleapis.com/v1beta1/projects/myreactproject-f1277 {"error":{"code":401,"message":"Request had invalid authentication credentials. Expected OAuth 2 access token, login cookie or other valid authentication credential. See https://developers.google.com/identity/sign-in/web/devconsole-project.","status":"UNAUTHENTICATED"}}
[debug] [2024-09-11T11:03:28.854Z] HTTP Error: 401, Request had invalid authentication credentials. Expected OAuth 2 access token, login cookie or other valid authentication credential. See https://developers.google.com/identity/sign-in/web/devconsole-project.
[error] 
[error] Error: Assertion failed: resolving hosting target of a site with no site name or target name. This should have caused an error earlier
[debug] [2024-09-11T11:04:43.725Z] ----------------------------------------------------------------------
[debug] [2024-09-11T11:04:43.729Z] Command:       C:\Program Files\nodejs\node.exe C:\Users\Yahya Dafer\AppData\Roaming\npm\node_modules\firebase-tools\lib\bin\firebase.js deploy
[debug] [2024-09-11T11:04:43.730Z] CLI Version:   13.16.0
[debug] [2024-09-11T11:04:43.730Z] Platform:      win32
[debug] [2024-09-11T11:04:43.730Z] Node Version:  v20.17.0
[debug] [2024-09-11T11:04:43.730Z] Time:          Wed Sep 11 2024 15:04:43 GMT+0400 (GMT+04:00)
[debug] [2024-09-11T11:04:43.731Z] ----------------------------------------------------------------------
[debug] 
[debug] [2024-09-11T11:04:43.843Z] > command requires scopes: ["email","openid","https://www.googleapis.com/auth/cloudplatformprojects.readonly","https://www.googleapis.com/auth/firebase","https://www.googleapis.com/auth/cloud-platform"]
[debug] [2024-09-11T11:04:43.843Z] > authorizing via signed-in user (daferyahya27@gmail.com)
[debug] [2024-09-11T11:04:43.844Z] [iam] checking project myreactproject-f1277 for permissions ["firebase.projects.get","firebasehosting.sites.update"]
[debug] [2024-09-11T11:04:43.846Z] > refreshing access token with scopes: []
[debug] [2024-09-11T11:04:43.848Z] >>> [apiv2][query] POST https://www.googleapis.com/oauth2/v3/token [none]
[debug] [2024-09-11T11:04:43.848Z] >>> [apiv2][body] POST https://www.googleapis.com/oauth2/v3/token [omitted]
[debug] [2024-09-11T11:04:44.237Z] <<< [apiv2][status] POST https://www.googleapis.com/oauth2/v3/token 400
[debug] [2024-09-11T11:04:44.238Z] <<< [apiv2][body] POST https://www.googleapis.com/oauth2/v3/token [omitted]
[debug] [2024-09-11T11:04:44.239Z] >>> [apiv2][query] POST https://cloudresourcemanager.googleapis.com/v1/projects/myreactproject-f1277:testIamPermissions [none]
[debug] [2024-09-11T11:04:44.240Z] >>> [apiv2][(partial)header] POST https://cloudresourcemanager.googleapis.com/v1/projects/myreactproject-f1277:testIamPermissions x-goog-quota-user=projects/myreactproject-f1277
[debug] [2024-09-11T11:04:44.240Z] >>> [apiv2][body] POST https://cloudresourcemanager.googleapis.com/v1/projects/myreactproject-f1277:testIamPermissions {"permissions":["firebase.projects.get","firebasehosting.sites.update"]}
[debug] [2024-09-11T11:04:45.286Z] <<< [apiv2][status] POST https://cloudresourcemanager.googleapis.com/v1/projects/myreactproject-f1277:testIamPermissions 401
[debug] [2024-09-11T11:04:45.286Z] <<< [apiv2][body] POST https://cloudresourcemanager.googleapis.com/v1/projects/myreactproject-f1277:testIamPermissions {"error":{"code":401,"message":"Request had invalid authentication credentials. Expected OAuth 2 access token, login cookie or other valid authentication credential. See https://developers.google.com/identity/sign-in/web/devconsole-project.","status":"UNAUTHENTICATED","details":[{"@type":"type.googleapis.com/google.rpc.ErrorInfo","reason":"ACCESS_TOKEN_TYPE_UNSUPPORTED","metadata":{"method":"google.cloudresourcemanager.v1.Projects.TestIamPermissions","service":"cloudresourcemanager.googleapis.com"}}]}}
[debug] [2024-09-11T11:04:45.289Z] [iam] error while checking permissions, command may fail: FirebaseError: HTTP Error: 401, Request had invalid authentication credentials. Expected OAuth 2 access token, login cookie or other valid authentication credential. See https://developers.google.com/identity/sign-in/web/devconsole-project.
[debug] [2024-09-11T11:04:45.291Z] > refreshing access token with scopes: []
[debug] [2024-09-11T11:04:45.292Z] >>> [apiv2][query] POST https://www.googleapis.com/oauth2/v3/token [none]
[debug] [2024-09-11T11:04:45.292Z] >>> [apiv2][body] POST https://www.googleapis.com/oauth2/v3/token [omitted]
[debug] [2024-09-11T11:04:45.386Z] <<< [apiv2][status] POST https://www.googleapis.com/oauth2/v3/token 400
[debug] [2024-09-11T11:04:45.387Z] <<< [apiv2][body] POST https://www.googleapis.com/oauth2/v3/token [omitted]
[debug] [2024-09-11T11:04:45.388Z] >>> [apiv2][query] GET https://firebase.googleapis.com/v1beta1/projects/myreactproject-f1277 [none]
[debug] [2024-09-11T11:04:45.685Z] <<< [apiv2][status] GET https://firebase.googleapis.com/v1beta1/projects/myreactproject-f1277 401
[debug] [2024-09-11T11:04:45.686Z] <<< [apiv2][body] GET https://firebase.googleapis.com/v1beta1/projects/myreactproject-f1277 {"error":{"code":401,"message":"Request had invalid authentication credentials. Expected OAuth 2 access token, login cookie or other valid authentication credential. See https://developers.google.com/identity/sign-in/web/devconsole-project.","status":"UNAUTHENTICATED"}}
[debug] [2024-09-11T11:04:45.686Z] HTTP Error: 401, Request had invalid authentication credentials. Expected OAuth 2 access token, login cookie or other valid authentication credential. See https://developers.google.com/identity/sign-in/web/devconsole-project.
[error] 
[error] Error: Assertion failed: resolving hosting target of a site with no site name or target name. This should have caused an error earlier
